2021-02-22T02:01:14.904Z - normal: Load ~/.CocosCreator/settings.json
2021-02-22T02:01:14.945Z - normal: Initializing Asset Database
2021-02-22T02:01:14.968Z - normal: checking language setting...
2021-02-22T02:01:14.968Z - normal: Language: zh
2021-02-22T02:01:15.698Z - success: preview server running at http://localhost:7456
2021-02-22T02:01:15.703Z - success: protocol editor-framework registered
2021-02-22T02:01:15.703Z - success: protocol app registered
2021-02-22T02:01:15.703Z - success: protocol theme registered
2021-02-22T02:01:15.703Z - success: protocol packages registered
2021-02-22T02:01:15.703Z - success: protocol uuid registerred
2021-02-22T02:01:15.704Z - success: protocol db registerred
2021-02-22T02:01:15.704Z - success: protocol thumbnail registerred
2021-02-22T02:01:15.704Z - success: protocol unpack registerred
2021-02-22T02:01:15.704Z - success: protocol disable-commonjs registerred
2021-02-22T02:01:15.962Z - normal: connected!
2021-02-22T02:01:15.962Z - normal: Check project F:\git\skqsj
2021-02-22T02:01:15.963Z - normal: Initializing project F:\git\skqsj
2021-02-22T02:01:15.981Z - success: adapters loaded
2021-02-22T02:01:15.983Z - success: asset-db-debugger loaded
2021-02-22T02:01:16.025Z - success: fb-audience-network loaded
2021-02-22T02:01:16.042Z - success: fb-live-stream loaded
2021-02-22T02:01:16.044Z - success: google-play-instant loaded
2021-02-22T02:01:16.044Z - success: huawei-adapter loaded
2021-02-22T02:01:16.044Z - success: jkw-adapter loaded
2021-02-22T02:01:16.045Z - success: jsb-adapter loaded
2021-02-22T02:01:16.045Z - success: oppo-adapter loaded
2021-02-22T02:01:16.048Z - success: package-manager loaded
2021-02-22T02:01:16.048Z - success: qtt-adapter loaded
2021-02-22T02:01:16.049Z - success: runtime-dev-tools loaded
2021-02-22T02:01:16.053Z - success: sdkbox loaded
2021-02-22T02:01:16.054Z - success: ui-kit-preview-extra loaded
2021-02-22T02:01:16.055Z - success: ui-kit-preview loaded
2021-02-22T02:01:16.055Z - success: vivo-adapter loaded
2021-02-22T02:01:16.089Z - success: alipay-minigame loaded
2021-02-22T02:01:16.128Z - success: assets loaded
2021-02-22T02:01:16.131Z - success: baidugame-opendata loaded
2021-02-22T02:01:16.133Z - success: baidugame loaded
2021-02-22T02:01:16.151Z - success: builder loaded
2021-02-22T02:01:16.260Z - success: cocos-services loaded
2021-02-22T02:01:16.262Z - success: console loaded
2021-02-22T02:01:16.263Z - success: curve-editor loaded
2021-02-22T02:01:16.271Z - success: fb-instant-games loaded
2021-02-22T02:01:16.272Z - success: game-window loaded
2021-02-22T02:01:16.273Z - success: google-instant-games loaded
2021-02-22T02:01:16.274Z - success: hierarchy loaded
2021-02-22T02:01:16.276Z - success: huawei-runtime loaded
2021-02-22T02:01:16.277Z - success: inspector loaded
2021-02-22T02:01:16.325Z - success: cpk-publish loaded
2021-02-22T02:01:16.326Z - success: keystore loaded
2021-02-22T02:01:16.328Z - success: node-library loaded
2021-02-22T02:01:16.328Z - success: open-recent-items loaded
2021-02-22T02:01:16.336Z - success: oppo-runtime loaded
2021-02-22T02:01:16.337Z - success: package-asset loaded
2021-02-22T02:01:16.337Z - success: preferences loaded
2021-02-22T02:01:16.338Z - success: project-importer loaded
2021-02-22T02:01:16.338Z - success: project-settings loaded
2021-02-22T02:01:16.351Z - success: qtt-runtime loaded
2021-02-22T02:01:16.352Z - success: scene loaded
2021-02-22T02:01:16.353Z - success: simulator-debugger loaded
2021-02-22T02:01:16.353Z - success: sprite-editor loaded
2021-02-22T02:01:16.354Z - success: store loaded
2021-02-22T02:01:16.356Z - success: timeline loaded
2021-02-22T02:01:16.368Z - success: vivo-runtime loaded
2021-02-22T02:01:16.369Z - success: wechatgame-opendata loaded
2021-02-22T02:01:16.371Z - success: wechatgame loaded
2021-02-22T02:01:16.375Z - success: xiaomi-runtime loaded
2021-02-22T02:01:16.377Z - success: res-compress loaded
2021-02-22T02:01:17.487Z - normal: Initializing Cocos2d
2021-02-22T02:01:17.758Z - normal: Initializing engine extends
2021-02-22T02:01:18.524Z - info: Cocos Service load base data!
2021-02-22T02:01:30.068Z - normal: Loading packages
2021-02-22T02:01:30.071Z - normal: Watching packages
2021-02-22T02:01:30.117Z - normal: Run Application
